[I 250830 09:38:38 server:331] Serving on http://0.0.0.0:5175
[I 250830 09:38:38 handlers:62] Start watching changes
[I 250830 09:38:38 handlers:64] Start detecting changes
[I 250830 09:38:39 handlers:135] Browser Connected: http://localhost:5175/
[I 250830 09:38:40 handlers:82] Ignore: assets/icons/cursor-glove.png
[I 250830 09:39:58 handlers:135] Browser Connected: http://localhost:5175/
[I 250830 09:43:26 handlers:92] Reload 1 waiters: styles.css
[I 250830 09:44:08 handlers:135] Browser Connected: http://localhost:5175/
[I 250830 09:44:43 handlers:135] Browser Connected: http://localhost:5175/
[I 250830 09:51:21 handlers:135] Browser Connected: http://localhost:5175/
[I 250830 09:53:37 handlers:135] Browser Connected: http://localhost:5175/
[I 250830 09:55:50 handlers:92] Reload 1 waiters: styles.css
[I 250830 09:56:23 handlers:92] Reload 1 waiters: styles.css
[I 250830 09:57:04 handlers:135] Browser Connected: http://localhost:5175/
[I 250830 09:57:10 handlers:92] Reload 1 waiters: styles.css
[I 250830 09:57:47 handlers:92] Reload 1 waiters: styles.css
[I 250830 09:58:22 handlers:92] Reload 1 waiters: styles.css
[I 250830 09:58:58 handlers:92] Reload 1 waiters: index.html
[I 250830 09:58:58 handlers:135] Browser Connected: http://localhost:5175/
[I 250830 10:02:06 handlers:135] Browser Connected: http://localhost:5175/
[I 250830 10:02:50 handlers:92] Reload 1 waiters: styles.css
[I 250830 10:04:04 handlers:135] Browser Connected: http://localhost:5175/
[I 250830 10:05:11 handlers:135] Browser Connected: http://localhost:5175/
[I 250830 10:05:17 handlers:135] Browser Connected: http://localhost:5175/
[I 250830 10:06:58 handlers:92] Reload 1 waiters: index.html
[I 250830 10:06:58 handlers:135] Browser Connected: http://localhost:5175/
[I 250830 10:07:45 handlers:92] Reload 1 waiters: styles.css
[I 250830 10:09:04 handlers:135] Browser Connected: http://localhost:5175/
[I 250830 10:09:25 handlers:135] Browser Connected: http://localhost:5175/
[I 250830 10:11:03 handlers:92] Reload 1 waiters: styles.css
[I 250830 10:12:59 handlers:92] Reload 1 waiters: index.html
[I 250830 10:12:59 handlers:135] Browser Connected: http://localhost:5175/
[I 250830 10:13:39 handlers:135] Browser Connected: http://localhost:5175/
[I 250830 10:13:42 handlers:92] Reload 1 waiters: styles.css
[I 250830 10:14:50 handlers:135] Browser Connected: http://localhost:5175/
[I 250830 10:15:29 handlers:135] Browser Connected: http://localhost:5175/
[I 250830 10:18:38 handlers:135] Browser Connected: http://localhost:5175/
[I 250830 10:21:00 handlers:92] Reload 1 waiters: styles.css
[I 250830 10:21:59 handlers:135] Browser Connected: http://localhost:5175/pages/contact.html#tearsheet
[I 250830 10:22:02 handlers:135] Browser Connected: http://localhost:5175/
[I 250830 10:22:03 handlers:135] Browser Connected: http://localhost:5175/pages/press.html
[I 250830 10:22:07 handlers:135] Browser Connected: http://localhost:5175/
[I 250830 10:22:09 handlers:135] Browser Connected: http://localhost:5175/pages/portfolio.html
[I 250830 10:22:11 handlers:135] Browser Connected: http://localhost:5175/
[I 250830 10:22:13 handlers:135] Browser Connected: http://localhost:5175/pages/contact.html
[I 250830 10:22:14 handlers:92] Reload 1 waiters: styles.css
[I 250830 10:22:15 handlers:135] Browser Connected: http://localhost:5175/
[I 250830 10:22:16 handlers:135] Browser Connected: http://localhost:5175/pages/about.html
[I 250830 10:22:18 handlers:135] Browser Connected: http://localhost:5175/
[I 250830 10:22:58 handlers:92] Reload 1 waiters: styles.css
[I 250830 10:23:47 handlers:92] Reload 1 waiters: styles.css
[I 250830 10:25:18 handlers:135] Browser Connected: http://localhost:5175/
[I 250830 10:32:02 handlers:92] Reload 1 waiters: styles.css
[I 250830 10:32:42 handlers:92] Reload 1 waiters: index.html
[I 250830 10:32:42 handlers:135] Browser Connected: http://localhost:5175/
